2017-10-15 15:41:51 4660 [Note] InnoDB: Mutexes and rw_locks use Windows interlocked functions
2017-10-15 15:41:51 4660 [Note] InnoDB: Uses event mutexes
2017-10-15 15:41:51 4660 [Note] InnoDB: Compressed tables use zlib 1.2.3
2017-10-15 15:41:51 4660 [Note] InnoDB: Number of pools: 1
2017-10-15 15:41:51 4660 [Note] InnoDB: Using generic crc32 instructions
2017-10-15 15:41:51 4660 [Note] InnoDB: Initializing buffer pool, total size = 128M, instances = 1, chunk size = 128M
2017-10-15 15:41:51 4660 [Note] InnoDB: Completed initialization of buffer pool
2017-10-15 15:41:51 4660 [Note] InnoDB: Highest supported file format is Barracuda.
2017-10-15 15:41:51 4660 [Warning] InnoDB: Retry attempts for reading partial data failed.
2017-10-15 15:41:51 4660 [ERROR] InnoDB: Tried to read 512 bytes at offset 0, but was only able to read 0
2017-10-15 15:41:51 4660 [ERROR] InnoDB: File (unknown): 'read' returned OS error 0. Cannot continue operation
171015 15:41:51 [ERROR] mysqld got exception 0x80000003 ;
This could be because you hit a bug. It is also possible that this binary
or one of the libraries it was linked against is corrupt, improperly built,
or misconfigured. This error can also be caused by malfunctioning hardware.

To report this bug, see https://mariadb.com/kb/en/reporting-bugs

We will try our best to scrape up some info that will hopefully help
diagnose the problem, but since we have already crashed, 
something is definitely wrong and this may fail.

Server version: 10.2.9-MariaDB-log
key_buffer_size=402653184
read_buffer_size=20971520
max_used_connections=0
max_threads=65537
thread_count=0
It is possible that mysqld could use up to 
key_buffer_size + (read_buffer_size + sort_buffer_size)*max_threads = 436967 K  bytes of memory
Hope that's ok; if not, decrease some variables in the equation.

Thread pointer: 0x0
Attempting backtrace. You can use the following information to find out
where mysqld died. If you see no messages after this, something went
terribly wrong...
mysqld.exe!my_parameter_handler()
mysqld.exe!strxnmov()
mysqld.exe!strxnmov()
mysqld.exe!?get_tok_start_prev@Lex_input_stream@@QEAAPEBDXZ()
mysqld.exe!?get_tok_start_prev@Lex_input_stream@@QEAAPEBDXZ()
mysqld.exe!?get_tok_start_prev@Lex_input_stream@@QEAAPEBDXZ()
mysqld.exe!?get_tok_start_prev@Lex_input_stream@@QEAAPEBDXZ()
mysqld.exe!?get_tok_start_prev@Lex_input_stream@@QEAAPEBDXZ()
mysqld.exe!my_xml_error_string()
mysqld.exe!my_xml_error_string()
mysqld.exe!?get_tok_start_prev@Lex_input_stream@@QEAAPEBDXZ()
mysqld.exe!?pack_length_from_metadata@Field_enum@@UEAAII@Z()
mysqld.exe!?ha_initialize_handlerton@@YAHPEAUst_plugin_int@@@Z()
mysqld.exe!?plugin_init@@YAHPEAHPEAPEADH@Z()
mysqld.exe!?plugin_init@@YAHPEAHPEAPEADH@Z()
mysqld.exe!?init_net_server_extension@@YAXPEAVTHD@@@Z()
mysqld.exe!?win_main@@YAHHPEAPEAD@Z()
mysqld.exe!?mysql_service@@YAHPEAX@Z()
mysqld.exe!?mysqld_main@@YAHHPEAPEAD@Z()
mysqld.exe!strxnmov()
KERNEL32.DLL!BaseThreadInitThunk()
ntdll.dll!RtlUserThreadStart()
The manual page at http://dev.mysql.com/doc/mysql/en/crashing.html contains
information that should help you find out what is causing the crash.
2017-10-15 15:41:59 10968 [Note] InnoDB: Mutexes and rw_locks use Windows interlocked functions
2017-10-15 15:41:59 10968 [Note] InnoDB: Uses event mutexes
2017-10-15 15:41:59 10968 [Note] InnoDB: Compressed tables use zlib 1.2.3
2017-10-15 15:41:59 10968 [Note] InnoDB: Number of pools: 1
2017-10-15 15:41:59 10968 [Note] InnoDB: Using generic crc32 instructions
2017-10-15 15:41:59 10968 [Note] InnoDB: Initializing buffer pool, total size = 128M, instances = 1, chunk size = 128M
2017-10-15 15:41:59 10968 [Note] InnoDB: Completed initialization of buffer pool
2017-10-15 15:41:59 10968 [Note] InnoDB: Highest supported file format is Barracuda.
2017-10-15 15:41:59 10968 [Warning] InnoDB: Retry attempts for reading partial data failed.
2017-10-15 15:41:59 10968 [ERROR] InnoDB: Tried to read 512 bytes at offset 0, but was only able to read 0
2017-10-15 15:41:59 10968 [ERROR] InnoDB: File (unknown): 'read' returned OS error 0. Cannot continue operation
171015 15:41:59 [ERROR] mysqld got exception 0x80000003 ;
This could be because you hit a bug. It is also possible that this binary
or one of the libraries it was linked against is corrupt, improperly built,
or misconfigured. This error can also be caused by malfunctioning hardware.

To report this bug, see https://mariadb.com/kb/en/reporting-bugs

We will try our best to scrape up some info that will hopefully help
diagnose the problem, but since we have already crashed, 
something is definitely wrong and this may fail.

Server version: 10.2.9-MariaDB-log
key_buffer_size=402653184
read_buffer_size=20971520
max_used_connections=0
max_threads=65537
thread_count=0
It is possible that mysqld could use up to 
key_buffer_size + (read_buffer_size + sort_buffer_size)*max_threads = 436967 K  bytes of memory
Hope that's ok; if not, decrease some variables in the equation.

Thread pointer: 0x0
Attempting backtrace. You can use the following information to find out
where mysqld died. If you see no messages after this, something went
terribly wrong...
mysqld.exe!my_parameter_handler()
mysqld.exe!strxnmov()
mysqld.exe!strxnmov()
mysqld.exe!?get_tok_start_prev@Lex_input_stream@@QEAAPEBDXZ()
mysqld.exe!?get_tok_start_prev@Lex_input_stream@@QEAAPEBDXZ()
mysqld.exe!?get_tok_start_prev@Lex_input_stream@@QEAAPEBDXZ()
mysqld.exe!?get_tok_start_prev@Lex_input_stream@@QEAAPEBDXZ()
mysqld.exe!?get_tok_start_prev@Lex_input_stream@@QEAAPEBDXZ()
mysqld.exe!my_xml_error_string()
mysqld.exe!my_xml_error_string()
mysqld.exe!?get_tok_start_prev@Lex_input_stream@@QEAAPEBDXZ()
mysqld.exe!?pack_length_from_metadata@Field_enum@@UEAAII@Z()
mysqld.exe!?ha_initialize_handlerton@@YAHPEAUst_plugin_int@@@Z()
mysqld.exe!?plugin_init@@YAHPEAHPEAPEADH@Z()
mysqld.exe!?plugin_init@@YAHPEAHPEAPEADH@Z()
mysqld.exe!?init_net_server_extension@@YAXPEAVTHD@@@Z()
mysqld.exe!?win_main@@YAHHPEAPEAD@Z()
mysqld.exe!?mysql_service@@YAHPEAX@Z()
mysqld.exe!?mysqld_main@@YAHHPEAPEAD@Z()
mysqld.exe!strxnmov()
KERNEL32.DLL!BaseThreadInitThunk()
ntdll.dll!RtlUserThreadStart()
The manual page at http://dev.mysql.com/doc/mysql/en/crashing.html contains
information that should help you find out what is causing the crash.
2017-10-15 15:42:47 11644 [Note] InnoDB: Mutexes and rw_locks use Windows interlocked functions
2017-10-15 15:42:47 11644 [Note] InnoDB: Uses event mutexes
2017-10-15 15:42:47 11644 [Note] InnoDB: Compressed tables use zlib 1.2.3
2017-10-15 15:42:47 11644 [Note] InnoDB: Number of pools: 1
2017-10-15 15:42:47 11644 [Note] InnoDB: Using generic crc32 instructions
2017-10-15 15:42:47 11644 [Note] InnoDB: Initializing buffer pool, total size = 128M, instances = 1, chunk size = 128M
2017-10-15 15:42:47 11644 [Note] InnoDB: Completed initialization of buffer pool
2017-10-15 15:42:47 11644 [Note] InnoDB: Highest supported file format is Barracuda.
2017-10-15 15:42:47 11644 [Warning] InnoDB: Retry attempts for reading partial data failed.
2017-10-15 15:42:47 11644 [ERROR] InnoDB: Tried to read 512 bytes at offset 0, but was only able to read 0
2017-10-15 15:42:47 11644 [ERROR] InnoDB: File (unknown): 'read' returned OS error 0. Cannot continue operation
171015 15:42:47 [ERROR] mysqld got exception 0x80000003 ;
This could be because you hit a bug. It is also possible that this binary
or one of the libraries it was linked against is corrupt, improperly built,
or misconfigured. This error can also be caused by malfunctioning hardware.

To report this bug, see https://mariadb.com/kb/en/reporting-bugs

We will try our best to scrape up some info that will hopefully help
diagnose the problem, but since we have already crashed, 
something is definitely wrong and this may fail.

Server version: 10.2.9-MariaDB-log
key_buffer_size=402653184
read_buffer_size=20971520
max_used_connections=0
max_threads=65537
thread_count=0
It is possible that mysqld could use up to 
key_buffer_size + (read_buffer_size + sort_buffer_size)*max_threads = 436967 K  bytes of memory
Hope that's ok; if not, decrease some variables in the equation.

Thread pointer: 0x0
Attempting backtrace. You can use the following information to find out
where mysqld died. If you see no messages after this, something went
terribly wrong...
mysqld.exe!my_parameter_handler()
mysqld.exe!strxnmov()
mysqld.exe!strxnmov()
mysqld.exe!?get_tok_start_prev@Lex_input_stream@@QEAAPEBDXZ()
mysqld.exe!?get_tok_start_prev@Lex_input_stream@@QEAAPEBDXZ()
mysqld.exe!?get_tok_start_prev@Lex_input_stream@@QEAAPEBDXZ()
mysqld.exe!?get_tok_start_prev@Lex_input_stream@@QEAAPEBDXZ()
mysqld.exe!?get_tok_start_prev@Lex_input_stream@@QEAAPEBDXZ()
mysqld.exe!my_xml_error_string()
mysqld.exe!my_xml_error_string()
mysqld.exe!?get_tok_start_prev@Lex_input_stream@@QEAAPEBDXZ()
mysqld.exe!?pack_length_from_metadata@Field_enum@@UEAAII@Z()
mysqld.exe!?ha_initialize_handlerton@@YAHPEAUst_plugin_int@@@Z()
mysqld.exe!?plugin_init@@YAHPEAHPEAPEADH@Z()
mysqld.exe!?plugin_init@@YAHPEAHPEAPEADH@Z()
mysqld.exe!?init_net_server_extension@@YAXPEAVTHD@@@Z()
mysqld.exe!?win_main@@YAHHPEAPEAD@Z()
mysqld.exe!?mysql_service@@YAHPEAX@Z()
mysqld.exe!?mysqld_main@@YAHHPEAPEAD@Z()
mysqld.exe!strxnmov()
KERNEL32.DLL!BaseThreadInitThunk()
ntdll.dll!RtlUserThreadStart()
The manual page at http://dev.mysql.com/doc/mysql/en/crashing.html contains
information that should help you find out what is causing the crash.
2017-10-15 15:43:57 692 [Note] InnoDB: Mutexes and rw_locks use Windows interlocked functions
2017-10-15 15:43:57 692 [Note] InnoDB: Uses event mutexes
2017-10-15 15:43:57 692 [Note] InnoDB: Compressed tables use zlib 1.2.3
2017-10-15 15:43:57 692 [Note] InnoDB: Number of pools: 1
2017-10-15 15:43:57 692 [Note] InnoDB: Using generic crc32 instructions
2017-10-15 15:43:57 692 [Note] InnoDB: Initializing buffer pool, total size = 128M, instances = 1, chunk size = 128M
2017-10-15 15:43:57 692 [Note] InnoDB: Completed initialization of buffer pool
2017-10-15 15:43:57 692 [Note] InnoDB: Highest supported file format is Barracuda.
2017-10-15 15:43:57 692 [Warning] InnoDB: Retry attempts for reading partial data failed.
2017-10-15 15:43:57 692 [ERROR] InnoDB: Tried to read 512 bytes at offset 0, but was only able to read 0
2017-10-15 15:43:57 692 [ERROR] InnoDB: File (unknown): 'read' returned OS error 0. Cannot continue operation
171015 15:43:57 [ERROR] mysqld got exception 0x80000003 ;
This could be because you hit a bug. It is also possible that this binary
or one of the libraries it was linked against is corrupt, improperly built,
or misconfigured. This error can also be caused by malfunctioning hardware.

To report this bug, see https://mariadb.com/kb/en/reporting-bugs

We will try our best to scrape up some info that will hopefully help
diagnose the problem, but since we have already crashed, 
something is definitely wrong and this may fail.

Server version: 10.2.9-MariaDB-log
key_buffer_size=268435456
read_buffer_size=1048576
max_used_connections=0
max_threads=65537
thread_count=0
It is possible that mysqld could use up to 
key_buffer_size + (read_buffer_size + sort_buffer_size)*max_threads = 266983 K  bytes of memory
Hope that's ok; if not, decrease some variables in the equation.

Thread pointer: 0x0
Attempting backtrace. You can use the following information to find out
where mysqld died. If you see no messages after this, something went
terribly wrong...
mysqld.exe!my_parameter_handler()
mysqld.exe!strxnmov()
mysqld.exe!strxnmov()
mysqld.exe!?get_tok_start_prev@Lex_input_stream@@QEAAPEBDXZ()
mysqld.exe!?get_tok_start_prev@Lex_input_stream@@QEAAPEBDXZ()
mysqld.exe!?get_tok_start_prev@Lex_input_stream@@QEAAPEBDXZ()
mysqld.exe!?get_tok_start_prev@Lex_input_stream@@QEAAPEBDXZ()
mysqld.exe!?get_tok_start_prev@Lex_input_stream@@QEAAPEBDXZ()
mysqld.exe!my_xml_error_string()
mysqld.exe!my_xml_error_string()
mysqld.exe!?get_tok_start_prev@Lex_input_stream@@QEAAPEBDXZ()
mysqld.exe!?pack_length_from_metadata@Field_enum@@UEAAII@Z()
mysqld.exe!?ha_initialize_handlerton@@YAHPEAUst_plugin_int@@@Z()
mysqld.exe!?plugin_init@@YAHPEAHPEAPEADH@Z()
mysqld.exe!?plugin_init@@YAHPEAHPEAPEADH@Z()
mysqld.exe!?init_net_server_extension@@YAXPEAVTHD@@@Z()
mysqld.exe!?win_main@@YAHHPEAPEAD@Z()
mysqld.exe!?mysql_service@@YAHPEAX@Z()
mysqld.exe!?mysqld_main@@YAHHPEAPEAD@Z()
mysqld.exe!strxnmov()
KERNEL32.DLL!BaseThreadInitThunk()
ntdll.dll!RtlUserThreadStart()
The manual page at http://dev.mysql.com/doc/mysql/en/crashing.html contains
information that should help you find out what is causing the crash.
2017-10-15 15:44:44 12700 [Note] InnoDB: Mutexes and rw_locks use Windows interlocked functions
2017-10-15 15:44:44 12700 [Note] InnoDB: Uses event mutexes
2017-10-15 15:44:44 12700 [Note] InnoDB: Compressed tables use zlib 1.2.3
2017-10-15 15:44:44 12700 [Note] InnoDB: Number of pools: 1
2017-10-15 15:44:44 12700 [Note] InnoDB: Using generic crc32 instructions
2017-10-15 15:44:44 12700 [Note] InnoDB: Initializing buffer pool, total size = 128M, instances = 1, chunk size = 128M
2017-10-15 15:44:44 12700 [Note] InnoDB: Completed initialization of buffer pool
2017-10-15 15:44:44 12700 [Note] InnoDB: Highest supported file format is Barracuda.
2017-10-15 15:44:44 12700 [Warning] InnoDB: Retry attempts for reading partial data failed.
2017-10-15 15:44:44 12700 [ERROR] InnoDB: Tried to read 512 bytes at offset 0, but was only able to read 0
2017-10-15 15:44:44 12700 [ERROR] InnoDB: File (unknown): 'read' returned OS error 0. Cannot continue operation
171015 15:44:44 [ERROR] mysqld got exception 0x80000003 ;
This could be because you hit a bug. It is also possible that this binary
or one of the libraries it was linked against is corrupt, improperly built,
or misconfigured. This error can also be caused by malfunctioning hardware.

To report this bug, see https://mariadb.com/kb/en/reporting-bugs

We will try our best to scrape up some info that will hopefully help
diagnose the problem, but since we have already crashed, 
something is definitely wrong and this may fail.

Server version: 10.2.9-MariaDB-log
key_buffer_size=268435456
read_buffer_size=1048576
max_used_connections=0
max_threads=65537
thread_count=0
It is possible that mysqld could use up to 
key_buffer_size + (read_buffer_size + sort_buffer_size)*max_threads = 266983 K  bytes of memory
Hope that's ok; if not, decrease some variables in the equation.

Thread pointer: 0x0
Attempting backtrace. You can use the following information to find out
where mysqld died. If you see no messages after this, something went
terribly wrong...
mysqld.exe!my_parameter_handler()
mysqld.exe!strxnmov()
mysqld.exe!strxnmov()
mysqld.exe!?get_tok_start_prev@Lex_input_stream@@QEAAPEBDXZ()
mysqld.exe!?get_tok_start_prev@Lex_input_stream@@QEAAPEBDXZ()
mysqld.exe!?get_tok_start_prev@Lex_input_stream@@QEAAPEBDXZ()
mysqld.exe!?get_tok_start_prev@Lex_input_stream@@QEAAPEBDXZ()
mysqld.exe!?get_tok_start_prev@Lex_input_stream@@QEAAPEBDXZ()
mysqld.exe!my_xml_error_string()
mysqld.exe!my_xml_error_string()
mysqld.exe!?get_tok_start_prev@Lex_input_stream@@QEAAPEBDXZ()
mysqld.exe!?pack_length_from_metadata@Field_enum@@UEAAII@Z()
mysqld.exe!?ha_initialize_handlerton@@YAHPEAUst_plugin_int@@@Z()
mysqld.exe!?plugin_init@@YAHPEAHPEAPEADH@Z()
mysqld.exe!?plugin_init@@YAHPEAHPEAPEADH@Z()
mysqld.exe!?init_net_server_extension@@YAXPEAVTHD@@@Z()
mysqld.exe!?win_main@@YAHHPEAPEAD@Z()
mysqld.exe!?mysql_service@@YAHPEAX@Z()
mysqld.exe!?mysqld_main@@YAHHPEAPEAD@Z()
mysqld.exe!strxnmov()
KERNEL32.DLL!BaseThreadInitThunk()
ntdll.dll!RtlUserThreadStart()
The manual page at http://dev.mysql.com/doc/mysql/en/crashing.html contains
information that should help you find out what is causing the crash.
